<?xml version="1.0" encoding="UTF-8"?>
<testsuite xmlns:xsi="http://www.w3.org/2001/XMLSchema-instance" xsi:schemaLocation="https://maven.apache.org/surefire/maven-surefire-plugin/xsd/surefire-test-report.xsd" name="runners.TestRunner" time="29.716" tests="8" errors="0" skipped="0" failures="2">
  <properties>
[...]
</properties>
  <testcase name="Given I visit the website" classname="Scenario: User should be able to login with valid account" time="0.002"/>
  <testcase name="When I enter valid account detaits" classname="Scenario: User should be able to login with valid account" time="0"/>
  <testcase name="Then I should be able to login" classname="Scenario: User should be able to login with valid account" time="0"/>
  <testcase name="Scenario: User should be able to login with valid account" classname="Scenario: User should be able to login with valid account" time="0.598"/>
  <testcase name="Given I visit the website" classname="Scenario: User should not be able to login with account" time="0"/>
  <testcase name="When I enter invalid account detaits" classname="Scenario: User should not be able to login with account" time="0"/>
  <testcase name="Then I should not be able to login" classname="Scenario: User should not be able to login with account" time="0.005">
    <failure message="expected:&lt;OrangeHRM[44]&gt; but was:&lt;OrangeHRM[]&gt;" type="org.junit.ComparisonFailure"><![CDATA[org.junit.ComparisonFailure: expected:<OrangeHRM[44]> but was:<OrangeHRM[]>
]]></failure>
  </testcase>
  <testcase name="Scenario: User should not be able to login with account" classname="Scenario: User should not be able to login with account" time="0.005">
    <failure message="expected:&lt;OrangeHRM[44]&gt; but was:&lt;OrangeHRM[]&gt;" type="org.junit.ComparisonFailure"><![CDATA[org.junit.ComparisonFailure: expected:<OrangeHRM[44]> but was:<OrangeHRM[]>
]]></failure>
  </testcase>
</testsuite>